2024-12-02 07:18:10,370 - INFO - Tous les fichiers CSV ont été chargés avec succès.
2024-12-02 07:18:11,640 - INFO - Fichier transactions sauvegardé dans la couche Bronze.
2024-12-02 07:18:13,714 - INFO - Fichier clients sauvegardé dans la couche Bronze.
2024-12-02 07:18:14,572 - INFO - Fichier magasins sauvegardé dans la couche Bronze.
2024-12-02 07:18:15,367 - INFO - Fichier produits sauvegardé dans la couche Bronze.
2024-12-02 07:18:16,172 - INFO - Fichier categories sauvegardé dans la couche Bronze.
2024-12-02 07:18:16,735 - INFO - Fichier taxes sauvegardé dans la couche Bronze.
2024-12-02 07:18:17,496 - INFO - Fichier exchange sauvegardé dans la couche Bronze.
2024-12-02 07:18:18,378 - INFO - Rapport d'audit généré et sauvegardé sous : rapports/audit_report_20241202.txt
2024-12-02 07:18:22,251 - INFO - Les produits ont été groupés par catégorie.
2024-12-02 07:18:24,729 - INFO - Transformation appliquée : Détection et étiquetage des anomalies.
2024-12-02 07:18:25,385 - INFO - Transformation appliquée : Introduction d'erreurs intentionnelles dans les produits.
2024-12-02 07:18:26,307 - INFO - Transformation appliquée : Introduction d'erreurs intentionnelles dans les clients.
2024-12-02 07:18:26,719 - INFO - Suivi de qualité terminé. Anomalies identifiées.
2024-12-02 07:18:30,712 - INFO - Closing down clientserver connection
2024-12-02 07:41:44,265 - INFO - Tous les fichiers CSV ont été chargés avec succès.
2024-12-02 07:41:45,277 - INFO - Fichier transactions sauvegardé dans la couche Bronze.
2024-12-02 07:41:47,429 - INFO - Fichier clients sauvegardé dans la couche Bronze.
2024-12-02 07:41:48,225 - INFO - Fichier magasins sauvegardé dans la couche Bronze.
2024-12-02 07:41:48,908 - INFO - Fichier produits sauvegardé dans la couche Bronze.
2024-12-02 07:41:49,512 - INFO - Fichier categories sauvegardé dans la couche Bronze.
2024-12-02 07:41:49,997 - INFO - Fichier taxes sauvegardé dans la couche Bronze.
2024-12-02 07:41:50,657 - INFO - Fichier exchange sauvegardé dans la couche Bronze.
2024-12-02 07:41:51,386 - INFO - Rapport d'audit généré et sauvegardé sous : rapports/audit_report_20241202.txt
2024-12-02 07:41:54,378 - INFO - Les produits ont été groupés par catégorie.
2024-12-02 07:41:56,796 - INFO - Transformation appliquée : Détection et étiquetage des anomalies.
2024-12-02 07:41:57,340 - INFO - Transformation appliquée : Introduction d'erreurs intentionnelles dans les produits.
2024-12-02 07:41:58,154 - INFO - Transformation appliquée : Introduction d'erreurs intentionnelles dans les clients.
2024-12-02 07:41:58,559 - INFO - Suivi de qualité terminé. Anomalies identifiées.
2024-12-02 07:42:02,615 - INFO - Closing down clientserver connection
